<?xml version="1.0" encoding="UTF-8"?>
<!-- Generated by org.testng.reporters.JUnitReportReporter -->
<testsuite hostname="DESKTOP-T4O9N1M" failures="0" tests="3" name="com.attributes.Depends_On_Methods_Sample" time="0.040" errors="0" timestamp="07 Jul 2023 11:43:52 GMT" skipped="0">
  <testcase classname="com.attributes.Depends_On_Methods_Sample" name="searchProduct" time="0.006"/>
  <testcase classname="com.attributes.Depends_On_Methods_Sample" name="signUp" time="0.029"/>
  <testcase classname="com.attributes.Depends_On_Methods_Sample" name="login" time="0.005"/>
</testsuite> <!-- com.attributes.Depends_On_Methods_Sample -->
