<?xml version="1.0" encoding="UTF-8"?>
<!-- Generated by org.testng.reporters.JUnitReportReporter -->
<testsuite hostname="DESKTOP-T4O9N1M" failures="0" tests="2" name="com.attributes.Invocationcount_Sample" time="0.036" errors="0" timestamp="10 Jul 2023 15:25:26 GMT" skipped="0">
  <testcase classname="com.attributes.Invocationcount_Sample" name="method" time="0.032"/>
  <testcase classname="com.attributes.Invocationcount_Sample" name="method" time="0.004"/>
</testsuite> <!-- com.attributes.Invocationcount_Sample -->
