<?xml version="1.0" encoding="UTF-8"?>
<!-- Generated by org.testng.reporters.JUnitReportReporter -->
<testsuite hostname="DESKTOP-T4O9N1M" failures="0" tests="2" name="com.google.TestNG_STCM.Amazon_STCM" time="140.371" errors="0" timestamp="26 Jul 2023 06:21:36 GMT" skipped="0">
  <testcase classname="com.google.TestNG_STCM.Amazon_STCM" name="searchpPS5" time="50.474"/>
  <testcase classname="com.google.TestNG_STCM.Amazon_STCM" name="searchAsus" time="89.897"/>
</testsuite> <!-- com.google.TestNG_STCM.Amazon_STCM -->
