<?xml version="1.0" encoding="UTF-8"?>
<!-- Generated by org.testng.reporters.JUnitReportReporter -->
<testsuite hostname="DESKTOP-T4O9N1M" failures="0" tests="4" name="com.attributes.Priority_Sample" time="0.047" errors="0" timestamp="05 Jul 2023 14:51:17 GMT" skipped="0">
  <testcase classname="com.attributes.Priority_Sample" name="godofwar" time="0.027"/>
  <testcase classname="com.attributes.Priority_Sample" name="princeofpersia" time="0.007"/>
  <testcase classname="com.attributes.Priority_Sample" name="downhill" time="0.011"/>
  <testcase classname="com.attributes.Priority_Sample" name="shadowofrome" time="0.002"/>
</testsuite> <!-- com.attributes.Priority_Sample -->
