<?xml version="1.0" encoding="UTF-8"?>
<!-- Generated by org.testng.reporters.JUnitReportReporter -->
<testsuite hostname="DESKTOP-T4O9N1M" failures="0" tests="2" name="com.attributes.Timeout_Sample" time="1.052" errors="1" timestamp="06 Jul 2023 11:38:30 GMT" skipped="0">
  <testcase classname="com.attributes.Timeout_Sample" name="tester" time="0.003"/>
  <testcase classname="com.attributes.Timeout_Sample" name="browserLaunch" time="1.049">
    <error message="Method com.attributes.Timeout_Sample.browserLaunch() didn&#039;t finish within the time-out 1000" type="org.testng.internal.thread.ThreadTimeoutException">
      <![CDATA[org.testng.internal.thread.ThreadTimeoutException: Method com.attributes.Timeout_Sample.browserLaunch() didn't finish within the time-out 1000
at java.base@11.0.8/java.lang.invoke.DirectMethodHandle.preparedLambdaForm(DirectMethodHandle.java:177)
at java.base@11.0.8/java.lang.invoke.DirectMethodHandle.preparedLambdaForm(DirectMethodHandle.java:210)
at java.base@11.0.8/java.lang.invoke.DirectMethodHandle.make(DirectMethodHandle.java:105)
at java.base@11.0.8/java.lang.invoke.MethodHandles$Lookup.getDirectMethodCommon(MethodHandles.java:2328)
at java.base@11.0.8/java.lang.invoke.MethodHandles$Lookup.getDirectMethodNoSecurityManager(MethodHandles.java:2283)
at java.base@11.0.8/java.lang.invoke.MethodHandles$Lookup.getDirectMethodForConstant(MethodHandles.java:2523)
at java.base@11.0.8/java.lang.invoke.MethodHandles$Lookup.linkMethodHandleConstant(MethodHandles.java:2469)
at java.base@11.0.8/java.lang.invoke.MethodHandleNatives.linkMethodHandleConstant(MethodHandleNatives.java:592)
at app//org.openqa.selenium.json.StringCoercer.apply(StringCoercer.java:32)
at app//org.openqa.selenium.json.JsonTypeCoercer.lambda$buildCoercer$5(JsonTypeCoercer.java:135)
at app//org.openqa.selenium.json.JsonTypeCoercer$$Lambda$156/0x000000010028d040.apply(Unknown Source)
at java.base@11.0.8/java.util.Optional.map(Optional.java:265)
at app//org.openqa.selenium.json.JsonTypeCoercer.buildCoercer(JsonTypeCoercer.java:135)
at app//org.openqa.selenium.json.JsonTypeCoercer$$Lambda$154/0x000000010028d840.apply(Unknown Source)
at java.base@11.0.8/java.util.concurrent.ConcurrentHashMap.computeIfAbsent(ConcurrentHashMap.java:1705)
at app//org.openqa.selenium.json.JsonTypeCoercer.coerce(JsonTypeCoercer.java:123)
at app//org.openqa.selenium.json.MapCoercer.lambda$null$0(MapCoercer.java:67)
at app//org.openqa.selenium.json.MapCoercer$$Lambda$161/0x000000010028c440.apply(Unknown Source)
at java.base@11.0.8/java.util.stream.ReferencePipeline$3$1.accept(ReferencePipeline.java:195)
at java.base@11.0.8/java.util.Iterator.forEachRemaining(Iterator.java:133)
at java.base@11.0.8/java.util.Spliterators$IteratorSpliterator.forEachRemaining(Spliterators.java:1801)
at java.base@11.0.8/java.util.stream.AbstractPipeline.copyInto(AbstractPipeline.java:484)
at java.base@11.0.8/java.util.stream.AbstractPipeline.wrapAndCopyInto(AbstractPipeline.java:474)
at java.base@11.0.8/java.util.stream.ReduceOps$ReduceOp.evaluateSequential(ReduceOps.java:913)
at java.base@11.0.8/java.util.stream.AbstractPipeline.evaluate(AbstractPipeline.java:234)
at java.base@11.0.8/java.util.stream.ReferencePipeline.collect(ReferencePipeline.java:578)
at app//org.openqa.selenium.json.MapCoercer.lambda$apply$1(MapCoercer.java:72)
at app//org.openqa.selenium.json.MapCoercer$$Lambda$157/0x000000010028d440.apply(Unknown Source)
at app//org.openqa.selenium.json.JsonTypeCoercer.lambda$null$6(JsonTypeCoercer.java:145)
at app//org.openqa.selenium.json.JsonTypeCoercer$$Lambda$159/0x000000010028cc40.apply(Unknown Source)
at app//org.openqa.selenium.json.JsonTypeCoercer.coerce(JsonTypeCoercer.java:126)
at app//org.openqa.selenium.json.JsonInput.read(JsonInput.java:280)
at app//org.openqa.selenium.remote.NewSessionPayload.getOss(NewSessionPayload.java:342)
at app//org.openqa.selenium.remote.NewSessionPayload.<init>(NewSessionPayload.java:145)
at app//org.openqa.selenium.remote.NewSessionPayload.create(NewSessionPayload.java:101)
at app//org.openqa.selenium.remote.NewSessionPayload.create(NewSessionPayload.java:94)
at app//org.openqa.selenium.remote.ProtocolHandshake.createSession(ProtocolHandshake.java:68)
at app//org.openqa.selenium.remote.HttpCommandExecutor.execute(HttpCommandExecutor.java:136)
at app//org.openqa.selenium.remote.service.DriverCommandExecutor.execute(DriverCommandExecutor.java:83)
at app//org.openqa.selenium.remote.RemoteWebDriver.execute(RemoteWebDriver.java:552)
at app//org.openqa.selenium.remote.RemoteWebDriver.startSession(RemoteWebDriver.java:213)
at app//org.openqa.selenium.remote.RemoteWebDriver.<init>(RemoteWebDriver.java:131)
at app//org.openqa.selenium.chrome.ChromeDriver.<init>(ChromeDriver.java:181)
at app//org.openqa.selenium.chrome.ChromeDriver.<init>(ChromeDriver.java:168)
at app//org.openqa.selenium.chrome.ChromeDriver.<init>(ChromeDriver.java:123)
at app//com.attributes.Timeout_Sample.browserLaunch(Timeout_Sample.java:11)
at java.base@11.0.8/jdk.internal.reflect.NativeMethodAccessorImpl.invoke0(Native Method)
at java.base@11.0.8/jdk.internal.reflect.NativeMethodAccessorImpl.invoke(NativeMethodAccessorImpl.java:62)
at java.base@11.0.8/jdk.internal.reflect.DelegatingMethodAccessorImpl.invoke(DelegatingMethodAccessorImpl.java:43)
at java.base@11.0.8/java.lang.reflect.Method.invoke(Method.java:566)
at app//org.testng.internal.MethodInvocationHelper.invokeMethod(MethodInvocationHelper.java:124)
at app//org.testng.internal.InvokeMethodRunnable.runOne(InvokeMethodRunnable.java:54)
at app//org.testng.internal.InvokeMethodRunnable.run(InvokeMethodRunnable.java:44)
at java.base@11.0.8/java.util.concurrent.Executors$RunnableAdapter.call(Executors.java:515)
at java.base@11.0.8/java.util.concurrent.FutureTask.run(FutureTask.java:264)
at java.base@11.0.8/java.util.concurrent.ThreadPoolExecutor.runWorker(ThreadPoolExecutor.java:1128)
at java.base@11.0.8/java.util.concurrent.ThreadPoolExecutor$Worker.run(ThreadPoolExecutor.java:628)
at java.base@11.0.8/java.lang.Thread.run(Thread.java:834)
]]>
    </error>
  </testcase> <!-- browserLaunch -->
</testsuite> <!-- com.attributes.Timeout_Sample -->
