<?xml version="1.0" encoding="UTF-8"?>
<!-- Generated by org.testng.reporters.JUnitReportReporter -->
<testsuite hostname="DESKTOP-T4O9N1M" failures="0" tests="2" name="com.attributes.Parallel_Test_Sample" time="0.028" errors="0" timestamp="07 Jul 2023 12:13:58 GMT" skipped="0">
  <testcase classname="com.attributes.Parallel_Test_Sample" name="reverseLetter" time="0.023"/>
  <testcase classname="com.attributes.Parallel_Test_Sample" name="reverseWord" time="0.005"/>
</testsuite> <!-- com.attributes.Parallel_Test_Sample -->
