<?xml version="1.0" encoding="UTF-8"?>
<!-- Generated by org.testng.reporters.JUnitReportReporter -->
<testsuite hostname="DESKTOP-T4O9N1M" failures="0" tests="3" name="com.attributes.IgnoreAnnotation_Sample" time="0.020" errors="0" timestamp="06 Jul 2023 11:22:39 GMT" skipped="2">
  <testcase classname="com.attributes.IgnoreAnnotation_Sample" name="basketBall" time="0.020"/>
  <testcase classname="com.attributes.IgnoreAnnotation_Sample" name="footBall">
    <skipped/>
  </testcase> <!-- footBall -->
  <testcase classname="com.attributes.IgnoreAnnotation_Sample" name="cricket">
    <skipped/>
  </testcase> <!-- cricket -->
</testsuite> <!-- com.attributes.IgnoreAnnotation_Sample -->
