<?xml version="1.0" encoding="UTF-8"?>
<!-- Generated by org.testng.reporters.JUnitReportReporter -->
<testsuite hostname="DESKTOP-T4O9N1M" failures="0" tests="3" name="com.attributes.Grouping_Test_Sample" time="0.039" errors="0" timestamp="07 Jul 2023 11:55:19 GMT" skipped="0">
  <testcase classname="com.attributes.Grouping_Test_Sample" name="washingMachine" time="0.008"/>
  <testcase classname="com.attributes.Grouping_Test_Sample" name="airconditioner" time="0.026"/>
  <testcase classname="com.attributes.Grouping_Test_Sample" name="monitor" time="0.005"/>
</testsuite> <!-- com.attributes.Grouping_Test_Sample -->
