<?xml version="1.0" encoding="UTF-8"?>
<!-- Generated by org.testng.reporters.JUnitReportReporter -->
<testsuite hostname="DESKTOP-T4O9N1M" failures="0" tests="2" name="com.attributes.ExpectedException_Sample" time="0.024" errors="0" timestamp="06 Jul 2023 11:52:51 GMT" skipped="0">
  <testcase classname="com.attributes.ExpectedException_Sample" name="method" time="0.021"/>
  <testcase classname="com.attributes.ExpectedException_Sample" name="print" time="0.003"/>
</testsuite> <!-- com.attributes.ExpectedException_Sample -->
